2022/10/05 00:59:01 INFO  - jmeter.util.JMeterUtils: Setting Locale to en_US 
2022/10/05 00:59:01 INFO  - jmeter.JMeter: Loading user properties from: /usr/share/jmeter/bin/user.properties 
2022/10/05 00:59:01 INFO  - jmeter.JMeter: Loading system properties from: /usr/share/jmeter/bin/system.properties 
2022/10/05 00:59:01 INFO  - jmeter.JMeter: Copyright (c) 1998-2015 The Apache Software Foundation 
2022/10/05 00:59:01 INFO  - jmeter.JMeter: Version 2.13.20180731 
2022/10/05 00:59:01 INFO  - jmeter.JMeter: java.version=11.0.13 
2022/10/05 00:59:01 INFO  - jmeter.JMeter: java.vm.name=OpenJDK 64-Bit Server VM 
2022/10/05 00:59:01 INFO  - jmeter.JMeter: os.name=Linux 
2022/10/05 00:59:01 INFO  - jmeter.JMeter: os.arch=amd64 
2022/10/05 00:59:01 INFO  - jmeter.JMeter: os.version=5.15.0-48-generic 
2022/10/05 00:59:01 INFO  - jmeter.JMeter: file.encoding=UTF-8 
2022/10/05 00:59:01 INFO  - jmeter.JMeter: Default Locale=English (United States) 
2022/10/05 00:59:01 INFO  - jmeter.JMeter: JMeter  Locale=English (United States) 
2022/10/05 00:59:01 INFO  - jmeter.JMeter: JMeterHome=/usr/share/jmeter 
2022/10/05 00:59:01 INFO  - jmeter.JMeter: user.dir  =/home/emmanuel/www/tcc/otel-vs-istio/run 
2022/10/05 00:59:01 INFO  - jmeter.JMeter: PWD       =/home/emmanuel/www/tcc/otel-vs-istio/run 
2022/10/05 00:59:01 INFO  - jmeter.JMeter: IP: 127.0.1.1 Name: emmanuel-Nitro-AN515-54 FullName: emmanuel-Nitro-AN515-54 
2022/10/05 00:59:01 INFO  - jmeter.services.FileServer: Default base='/home/emmanuel/www/tcc/otel-vs-istio/run' 
2022/10/05 00:59:01 INFO  - jmeter.services.FileServer: Set new base='/home/emmanuel/www/tcc/otel-vs-istio/run/../experiment-08/load-test' 
2022/10/05 00:59:01 INFO  - jmeter.save.SaveService: Testplan (JMX) version: 2.2. Testlog (JTL) version: 2.2 
2022/10/05 00:59:01 INFO  - jmeter.save.SaveService: Using SaveService properties version 2.8 
2022/10/05 00:59:01 INFO  - jmeter.save.SaveService: Using SaveService properties file version 1656252 
2022/10/05 00:59:01 INFO  - jmeter.save.SaveService: Using SaveService properties file encoding UTF-8 
2022/10/05 00:59:01 INFO  - jmeter.save.SaveService: All converter versions present and correct 
2022/10/05 00:59:01 INFO  - jmeter.save.SaveService: Loading file: ../experiment-08/load-test/load-test.jmx 
2022/10/05 00:59:01 INFO  - jmeter.protocol.http.sampler.HTTPSamplerBase: Cannot find .className property for htmlParser, using default 
2022/10/05 00:59:01 INFO  - jmeter.protocol.http.sampler.HTTPSamplerBase: Parser for text/html is  
2022/10/05 00:59:01 INFO  - jmeter.protocol.http.sampler.HTTPSamplerBase: Parser for application/xhtml+xml is  
2022/10/05 00:59:01 INFO  - jmeter.protocol.http.sampler.HTTPSamplerBase: Parser for application/xml is  
2022/10/05 00:59:01 INFO  - jmeter.protocol.http.sampler.HTTPSamplerBase: Parser for text/xml is  
2022/10/05 00:59:01 INFO  - jmeter.protocol.http.sampler.HTTPSamplerBase: Parser for text/vnd.wap.wml is org.apache.jmeter.protocol.http.parser.RegexpHTMLParser 
2022/10/05 00:59:01 INFO  - jmeter.JMeter: Creating summariser <summary> 
2022/10/05 00:59:01 INFO  - jmeter.engine.StandardJMeterEngine: Listeners will be started after enabling running version 
2022/10/05 00:59:01 INFO  - jmeter.engine.StandardJMeterEngine: To revert to the earlier behaviour, define jmeterengine.startlistenerslater=false 
2022/10/05 00:59:01 INFO  - jmeter.engine.StandardJMeterEngine: Running the test! 
2022/10/05 00:59:01 INFO  - jmeter.samplers.SampleEvent: List of sample_variables: [] 
2022/10/05 00:59:01 INFO  - jmeter.samplers.SampleEvent: List of sample_variables: [] 
2022/10/05 00:59:01 INFO  - jmeter.engine.util.CompoundVariable: Note: Function class names must contain the string: '.functions.' 
2022/10/05 00:59:01 INFO  - jmeter.engine.util.CompoundVariable: Note: Function class names must not contain the string: '.gui.' 
2022/10/05 00:59:01 INFO  - jmeter.JMeter: Running test (1664942341585) 
2022/10/05 00:59:01 INFO  - jmeter.engine.StandardJMeterEngine: Starting ThreadGroup: 1 : Thread Group 
2022/10/05 00:59:01 INFO  - jmeter.engine.StandardJMeterEngine: Starting 10 threads for group Thread Group. 
2022/10/05 00:59:01 INFO  - jmeter.engine.StandardJMeterEngine: Thread will continue on error 
2022/10/05 00:59:01 INFO  - jmeter.threads.ThreadGroup: Starting thread group number 1 threads 10 ramp-up 1 perThread 100.0 delayedStart=false 
2022/10/05 00:59:01 INFO  - jmeter.threads.JMeterThread: jmeterthread.startearlier=true (see jmeter.properties) 
2022/10/05 00:59:01 INFO  - jmeter.threads.JMeterThread: Running PostProcessors in forward order 
2022/10/05 00:59:01 INFO  - jmeter.threads.JMeterThread: Thread started: Thread Group 1-1 
2022/10/05 00:59:01 INFO  - jmeter.threads.ThreadGroup: Started thread group number 1 
2022/10/05 00:59:01 INFO  - jmeter.engine.StandardJMeterEngine: All thread groups have been started 
2022/10/05 00:59:01 INFO  - jmeter.protocol.http.sampler.HTTPHCAbstractImpl: Local host = emmanuel-Nitro-AN515-54 
2022/10/05 00:59:01 INFO  - jmeter.protocol.http.sampler.HTTPHC4Impl: HTTP request retry count = 0 
2022/10/05 00:59:01 INFO  - jmeter.protocol.http.sampler.HTTPHC4Impl: Setting up HTTPS TrustAll scheme 
2022/10/05 00:59:01 INFO  - jmeter.util.JsseSSLManager: Using default SSL protocol: TLS 
2022/10/05 00:59:01 INFO  - jmeter.util.JsseSSLManager: SSL session context: per-thread 
2022/10/05 00:59:01 INFO  - jmeter.threads.JMeterThread: Thread started: Thread Group 1-2 
2022/10/05 00:59:01 INFO  - jmeter.samplers.SampleResult: Note: Sample TimeStamps are START times 
2022/10/05 00:59:01 INFO  - jmeter.samplers.SampleResult: sampleresult.default.encoding is set to ISO-8859-1 
2022/10/05 00:59:01 INFO  - jmeter.samplers.SampleResult: sampleresult.useNanoTime=true 
2022/10/05 00:59:01 INFO  - jmeter.samplers.SampleResult: sampleresult.nanoThreadSleep=5000 
2022/10/05 00:59:01 INFO  - jmeter.threads.JMeterThread: Thread started: Thread Group 1-3 
2022/10/05 00:59:01 INFO  - jmeter.reporters.Summariser: summary +      1 in   0,3s =    3,8/s Avg:    43 Min:    43 Max:    43 Err:     0 (0,00%) Active: 3 Started: 3 Finished: 0 
2022/10/05 00:59:01 INFO  - jmeter.threads.JMeterThread: Thread started: Thread Group 1-4 
2022/10/05 00:59:02 INFO  - jmeter.threads.JMeterThread: Thread started: Thread Group 1-5 
2022/10/05 00:59:02 INFO  - jmeter.threads.JMeterThread: Thread started: Thread Group 1-6 
2022/10/05 00:59:02 INFO  - jmeter.threads.JMeterThread: Thread started: Thread Group 1-7 
2022/10/05 00:59:02 INFO  - jmeter.threads.JMeterThread: Thread started: Thread Group 1-8 
2022/10/05 00:59:02 INFO  - jmeter.threads.JMeterThread: Thread started: Thread Group 1-9 
2022/10/05 00:59:02 INFO  - jmeter.threads.JMeterThread: Thread started: Thread Group 1-10 
2022/10/05 00:59:30 INFO  - jmeter.reporters.Summariser: summary +   2436 in  28,2s =   86,3/s Avg:   114 Min:     1 Max:   679 Err:   406 (16,67%) Active: 10 Started: 10 Finished: 0 
2022/10/05 00:59:30 INFO  - jmeter.reporters.Summariser: summary =   2437 in  28,5s =   85,6/s Avg:   114 Min:     1 Max:   679 Err:   406 (16,66%) 
2022/10/05 01:00:00 INFO  - jmeter.reporters.Summariser: summary +   2903 in    30s =   96,9/s Avg:   103 Min:     1 Max:   436 Err:   484 (16,67%) Active: 10 Started: 10 Finished: 0 
2022/10/05 01:00:00 INFO  - jmeter.reporters.Summariser: summary =   5340 in  58,4s =   91,4/s Avg:   108 Min:     1 Max:   679 Err:   890 (16,67%) 
2022/10/05 01:00:30 INFO  - jmeter.reporters.Summariser: summary +   3393 in    30s =  113,1/s Avg:    88 Min:     0 Max:   309 Err:   567 (16,71%) Active: 10 Started: 10 Finished: 0 
2022/10/05 01:00:30 INFO  - jmeter.reporters.Summariser: summary =   8733 in  88,4s =   98,7/s Avg:   100 Min:     0 Max:   679 Err:  1457 (16,68%) 
2022/10/05 01:01:00 INFO  - jmeter.reporters.Summariser: summary +   3074 in    30s =  102,5/s Avg:    97 Min:     0 Max:   297 Err:   511 (16,62%) Active: 10 Started: 10 Finished: 0 
2022/10/05 01:01:00 INFO  - jmeter.reporters.Summariser: summary =  11807 in   118s =   99,7/s Avg:    99 Min:     0 Max:   679 Err:  1968 (16,67%) 
2022/10/05 01:01:00 INFO  - jmeter.threads.JMeterThread: Thread is done: Thread Group 1-8 
2022/10/05 01:01:00 INFO  - jmeter.threads.JMeterThread: Thread finished: Thread Group 1-8 
2022/10/05 01:01:00 INFO  - jmeter.threads.JMeterThread: Thread is done: Thread Group 1-3 
2022/10/05 01:01:00 INFO  - jmeter.threads.JMeterThread: Thread finished: Thread Group 1-3 
2022/10/05 01:01:01 INFO  - jmeter.threads.JMeterThread: Thread is done: Thread Group 1-6 
2022/10/05 01:01:01 INFO  - jmeter.threads.JMeterThread: Thread finished: Thread Group 1-6 
2022/10/05 01:01:01 INFO  - jmeter.threads.JMeterThread: Thread is done: Thread Group 1-7 
2022/10/05 01:01:01 INFO  - jmeter.threads.JMeterThread: Thread finished: Thread Group 1-7 
2022/10/05 01:01:01 INFO  - jmeter.threads.JMeterThread: Thread is done: Thread Group 1-1 
2022/10/05 01:01:01 INFO  - jmeter.threads.JMeterThread: Thread finished: Thread Group 1-1 
2022/10/05 01:01:01 INFO  - jmeter.threads.JMeterThread: Thread is done: Thread Group 1-5 
2022/10/05 01:01:01 INFO  - jmeter.threads.JMeterThread: Thread finished: Thread Group 1-5 
2022/10/05 01:01:01 INFO  - jmeter.threads.JMeterThread: Thread is done: Thread Group 1-9 
2022/10/05 01:01:01 INFO  - jmeter.threads.JMeterThread: Thread finished: Thread Group 1-9 
2022/10/05 01:01:01 INFO  - jmeter.threads.JMeterThread: Thread is done: Thread Group 1-2 
2022/10/05 01:01:01 INFO  - jmeter.threads.JMeterThread: Thread finished: Thread Group 1-2 
2022/10/05 01:01:01 INFO  - jmeter.threads.JMeterThread: Thread is done: Thread Group 1-4 
2022/10/05 01:01:01 INFO  - jmeter.threads.JMeterThread: Thread finished: Thread Group 1-4 
2022/10/05 01:01:01 INFO  - jmeter.threads.JMeterThread: Thread is done: Thread Group 1-10 
2022/10/05 01:01:01 INFO  - jmeter.threads.JMeterThread: Thread finished: Thread Group 1-10 
2022/10/05 01:01:01 INFO  - jmeter.engine.StandardJMeterEngine: Notifying test listeners of end of test 
2022/10/05 01:01:01 INFO  - jmeter.reporters.Summariser: summary +    193 in     2s =  101,3/s Avg:    72 Min:     1 Max:   197 Err:    31 (16,06%) Active: 0 Started: 10 Finished: 10 
2022/10/05 01:01:01 INFO  - jmeter.reporters.Summariser: summary =  12000 in   120s =   99,7/s Avg:    99 Min:     0 Max:   679 Err:  1999 (16,66%) 
